Change Component Footprint: Designator=JP3 Old Footprint=JP 1x5 DT New Footprint=JP 1x3 CT
Change Component Footprint: Designator=JP1 Old Footprint=JP 1x20 DT New Footprint=JP 1x6 DT
Change Component Comment : Designator=R3 Old Comment=10k New Comment=100R
Change Component Comment : Designator=R4 Old Comment=10k New Comment=100R
Change Component Comment : Designator=R1 Old Comment=12k New Comment=10k
Change Component Comment : Designator=R2 Old Comment=12k New Comment=10k
Change Component Comment : Designator=R5 Old Comment=470R New Comment=100R
Change Component Comment : Designator=R6 Old Comment=470R New Comment=100R
Change Component Comment : Designator=JP3 Old Comment=JP 1x5 2.54 New Comment=JP 1x3 2.54
Change Component Comment : Designator=JP1 Old Comment=JP 1x20 2.54 New Comment=JP 1x6 2.54
Change component parameters: Designator = "C1"; Footprint = "tu gom"; UniqueID = "\GCXYFVPP"
Change component parameters. Clean all parameters for all variants
Change component parameters (AddParameter): Name = "Chung_Loai"; Value = "C?m"; VariantName = "[No Variations]"
Change component parameters (AddParameter): Name = "Don_Vi"; Value = "Con"; VariantName = "[No Variations]"
Change component parameters (AddParameter): Name = "Kieu_Chan"; Value = ""; VariantName = "[No Variations]"
Change component parameters (AddParameter): Name = "Ma_Hang"; Value = "MH004761"; VariantName = "[No Variations]"
Change component parameters (AddParameter): Name = "So_Chan"; Value = "2"; VariantName = "[No Variations]"
Change component parameters (AddParameter): Name = "Ten_Linh_Kien"; Value = "T? g?m 104 100nF 50V"; VariantName = "[No Variations]"
Change component parameters: Designator = "C2"; Footprint = "tu gom"; UniqueID = "\ZUNTMZYA"
Change component parameters. Clean all parameters for all variants
Change component parameters (AddParameter): Name = "Chung_Loai"; Value = "C?m"; VariantName = "[No Variations]"
Change component parameters (AddParameter): Name = "Don_Vi"; Value = "Con"; VariantName = "[No Variations]"
Change component parameters (AddParameter): Name = "Kieu_Chan"; Value = ""; VariantName = "[No Variations]"
Change component parameters (AddParameter): Name = "Ma_Hang"; Value = "MH004761"; VariantName = "[No Variations]"
Change component parameters (AddParameter): Name = "So_Chan"; Value = "2"; VariantName = "[No Variations]"
Change component parameters (AddParameter): Name = "Ten_Linh_Kien"; Value = "T? g?m 104 100nF 50V"; VariantName = "[No Variations]"
Change component parameters: Designator = "C3"; Footprint = "tu gom"; UniqueID = "\UTEBIFUD"
Change component parameters. Clean all parameters for all variants
Change component parameters (AddParameter): Name = "Chung_Loai"; Value = "C?m"; VariantName = "[No Variations]"
Change component parameters (AddParameter): Name = "Don_Vi"; Value = "Con"; VariantName = "[No Variations]"
Change component parameters (AddParameter): Name = "Kieu_Chan"; Value = ""; VariantName = "[No Variations]"
Change component parameters (AddParameter): Name = "Ma_Hang"; Value = "MH004766"; VariantName = "[No Variations]"
Change component parameters (AddParameter): Name = "So_Chan"; Value = "2"; VariantName = "[No Variations]"
Change component parameters (AddParameter): Name = "Ten_Linh_Kien"; Value = "T? g?m 150P 151 50V"; VariantName = "[No Variations]"
Change component parameters: Designator = "C4"; Footprint = "tu gom"; UniqueID = "\VKFCXLZV"
Change component parameters. Clean all parameters for all variants
Change component parameters (AddParameter): Name = "Chung_Loai"; Value = "C?m"; VariantName = "[No Variations]"
Change component parameters (AddParameter): Name = "Don_Vi"; Value = "Con"; VariantName = "[No Variations]"
Change component parameters (AddParameter): Name = "Kieu_Chan"; Value = ""; VariantName = "[No Variations]"
Change component parameters (AddParameter): Name = "Ma_Hang"; Value = "MH004766"; VariantName = "[No Variations]"
Change component parameters (AddParameter): Name = "So_Chan"; Value = "2"; VariantName = "[No Variations]"
Change component parameters (AddParameter): Name = "Ten_Linh_Kien"; Value = "T? g?m 150P 151 50V"; VariantName = "[No Variations]"
Change component parameters: Designator = "JP1"; Footprint = "JP 1x6 DT"; UniqueID = "\LXRERIBG"
Change component parameters. Clean all parameters for all variants
Change component parameters (AddParameter): Name = "Chung_Loai"; Value = "C?m"; VariantName = "[No Variations]"
Change component parameters (AddParameter): Name = "Don_Vi"; Value = "Con"; VariantName = "[No Variations]"
Change component parameters (AddParameter): Name = "Ghi_Chu"; Value = ""; VariantName = "[No Variations]"
Change component parameters (AddParameter): Name = "Kieu_Chan"; Value = ""; VariantName = "[No Variations]"
Change component parameters (AddParameter): Name = "Ma_Hang"; Value = "MH000903"; VariantName = "[No Variations]"
Change component parameters (AddParameter): Name = "Ten_Linh_Kien"; Value = "Jump Ðon Ð?c 2.54MM 1x40P Th?ng 11MM"; VariantName = "[No Variations]"
Change component parameters: Designator = "L1"; Footprint = "LED-3MM-BLUE"; UniqueID = "\OVDMQLKE"
Change component parameters. Clean all parameters for all variants
Change component parameters (AddParameter): Name = "Chung_Loai"; Value = "C?m"; VariantName = "[No Variations]"
Change component parameters (AddParameter): Name = "Don_Vi"; Value = "Con"; VariantName = "[No Variations]"
Change component parameters (AddParameter): Name = "Ghi_Chu"; Value = ""; VariantName = "[No Variations]"
Change component parameters (AddParameter): Name = "Kieu_Chan"; Value = ""; VariantName = "[No Variations]"
Change component parameters (AddParameter): Name = "Ma_Hang"; Value = "MH009003"; VariantName = "[No Variations]"
Change component parameters (AddParameter): Name = "Ten_Linh_Kien"; Value = "LED 3MM Xanh Duong SS (1000c)"; VariantName = "[No Variations]"
Change component parameters: Designator = "L2"; Footprint = "LED-3MM-BLUE"; UniqueID = "\NMFGYEBI"
Change component parameters. Clean all parameters for all variants
Change component parameters (AddParameter): Name = "Chung_Loai"; Value = "C?m"; VariantName = "[No Variations]"
Change component parameters (AddParameter): Name = "Don_Vi"; Value = "Con"; VariantName = "[No Variations]"
Change component parameters (AddParameter): Name = "Ghi_Chu"; Value = ""; VariantName = "[No Variations]"
Change component parameters (AddParameter): Name = "Kieu_Chan"; Value = ""; VariantName = "[No Variations]"
Change component parameters (AddParameter): Name = "Ma_Hang"; Value = "MH009003"; VariantName = "[No Variations]"
Change component parameters (AddParameter): Name = "Ten_Linh_Kien"; Value = "LED 3MM Xanh Duong SS (1000c)"; VariantName = "[No Variations]"
Change component parameters: Designator = "L3"; Footprint = "LED-3MM-RED"; UniqueID = "\GWPQLYLP"
Change component parameters. Clean all parameters for all variants
Change component parameters (AddParameter): Name = "Chung_Loai"; Value = "C?m"; VariantName = "[No Variations]"
Change component parameters (AddParameter): Name = "Don_Vi"; Value = "Con"; VariantName = "[No Variations]"
Change component parameters (AddParameter): Name = "Ghi_Chu"; Value = ""; VariantName = "[No Variations]"
Change component parameters (AddParameter): Name = "Kieu_Chan"; Value = ""; VariantName = "[No Variations]"
Change component parameters (AddParameter): Name = "Ma_Hang"; Value = "MH003892"; VariantName = "[No Variations]"
Change component parameters (AddParameter): Name = "Ten_Linh_Kien"; Value = "Led 3MM Ph? Ð? (10c)"; VariantName = "[No Variations]"
Change component parameters: Designator = "JP3"; Footprint = "JP 1x3 CT"; UniqueID = "\ZDYSGTHR"
Change component parameters. Clean all parameters for all variants
Change component parameters (AddParameter): Name = "Chung_Loai"; Value = "C?m"; VariantName = "[No Variations]"
Change component parameters (AddParameter): Name = "Don_Vi"; Value = "Con"; VariantName = "[No Variations]"
Change component parameters (AddParameter): Name = "Ghi_Chu"; Value = ""; VariantName = "[No Variations]"
Change component parameters (AddParameter): Name = "Kieu_Chan"; Value = ""; VariantName = "[No Variations]"
Change component parameters (AddParameter): Name = "Ma_Hang"; Value = "MH004006"; VariantName = "[No Variations]"
Change component parameters (AddParameter): Name = "Ten_Linh_Kien"; Value = "Jump Ðon Cái 2.54MM 1x20P Th?ng"; VariantName = "[No Variations]"
Change component parameters: Designator = "R1"; Footprint = "tro vach 1/4w"; UniqueID = "\GMPFLCIK"
Change component parameters. Clean all parameters for all variants
Change component parameters (AddParameter): Name = "Chung_Loai"; Value = "C?m"; VariantName = "[No Variations]"
Change component parameters (AddParameter): Name = "Don_Vi"; Value = "Con"; VariantName = "[No Variations]"
Change component parameters (AddParameter): Name = "Kieu_Chan"; Value = ""; VariantName = "[No Variations]"
Change component parameters (AddParameter): Name = "Ma_Hang"; Value = "MH007354"; VariantName = "[No Variations]"
Change component parameters (AddParameter): Name = "So_Chan"; Value = "2"; VariantName = "[No Variations]"
Change component parameters (AddParameter): Name = "Ten_Linh_Kien"; Value = "Tr? V?ch 1/4w 5% 10K"; VariantName = "[No Variations]"
Change component parameters: Designator = "R2"; Footprint = "tro vach 1/4w"; UniqueID = "\YXRBCGPU"
Change component parameters. Clean all parameters for all variants
Change component parameters (AddParameter): Name = "Chung_Loai"; Value = "C?m"; VariantName = "[No Variations]"
Change component parameters (AddParameter): Name = "Don_Vi"; Value = "Con"; VariantName = "[No Variations]"
Change component parameters (AddParameter): Name = "Kieu_Chan"; Value = ""; VariantName = "[No Variations]"
Change component parameters (AddParameter): Name = "Ma_Hang"; Value = "MH007354"; VariantName = "[No Variations]"
Change component parameters (AddParameter): Name = "So_Chan"; Value = "2"; VariantName = "[No Variations]"
Change component parameters (AddParameter): Name = "Ten_Linh_Kien"; Value = "Tr? V?ch 1/4w 5% 10K"; VariantName = "[No Variations]"
Change component parameters: Designator = "R3"; Footprint = "tro vach 1/4w"; UniqueID = "\EYOZKVCP"
Change component parameters. Clean all parameters for all variants
Change component parameters (AddParameter): Name = "Chung_Loai"; Value = "C?m"; VariantName = "[No Variations]"
Change component parameters (AddParameter): Name = "Don_Vi"; Value = "Con"; VariantName = "[No Variations]"
Change component parameters (AddParameter): Name = "Kieu_Chan"; Value = ""; VariantName = "[No Variations]"
Change component parameters (AddParameter): Name = "Ma_Hang"; Value = "MH007353"; VariantName = "[No Variations]"
Change component parameters (AddParameter): Name = "So_Chan"; Value = "2"; VariantName = "[No Variations]"
Change component parameters (AddParameter): Name = "Ten_Linh_Kien"; Value = "Tr? V?ch 1/4w 5% 100R"; VariantName = "[No Variations]"
Change component parameters: Designator = "R4"; Footprint = "tro vach 1/4w"; UniqueID = "\MGVCSZJR"
Change component parameters. Clean all parameters for all variants
Change component parameters (AddParameter): Name = "Chung_Loai"; Value = "C?m"; VariantName = "[No Variations]"
Change component parameters (AddParameter): Name = "Don_Vi"; Value = "Con"; VariantName = "[No Variations]"
Change component parameters (AddParameter): Name = "Kieu_Chan"; Value = ""; VariantName = "[No Variations]"
Change component parameters (AddParameter): Name = "Ma_Hang"; Value = "MH007353"; VariantName = "[No Variations]"
Change component parameters (AddParameter): Name = "So_Chan"; Value = "2"; VariantName = "[No Variations]"
Change component parameters (AddParameter): Name = "Ten_Linh_Kien"; Value = "Tr? V?ch 1/4w 5% 100R"; VariantName = "[No Variations]"
Change component parameters: Designator = "R5"; Footprint = "tro vach 1/4w"; UniqueID = "\KMDDBNCF"
Change component parameters. Clean all parameters for all variants
Change component parameters (AddParameter): Name = "Chung_Loai"; Value = "C?m"; VariantName = "[No Variations]"
Change component parameters (AddParameter): Name = "Don_Vi"; Value = "Con"; VariantName = "[No Variations]"
Change component parameters (AddParameter): Name = "Kieu_Chan"; Value = ""; VariantName = "[No Variations]"
Change component parameters (AddParameter): Name = "Ma_Hang"; Value = "MH007353"; VariantName = "[No Variations]"
Change component parameters (AddParameter): Name = "So_Chan"; Value = "2"; VariantName = "[No Variations]"
Change component parameters (AddParameter): Name = "Ten_Linh_Kien"; Value = "Tr? V?ch 1/4w 5% 100R"; VariantName = "[No Variations]"
Change component parameters: Designator = "R6"; Footprint = "tro vach 1/4w"; UniqueID = "\IOCKJUUD"
Change component parameters. Clean all parameters for all variants
Change component parameters (AddParameter): Name = "Chung_Loai"; Value = "C?m"; VariantName = "[No Variations]"
Change component parameters (AddParameter): Name = "Don_Vi"; Value = "Con"; VariantName = "[No Variations]"
Change component parameters (AddParameter): Name = "Kieu_Chan"; Value = ""; VariantName = "[No Variations]"
Change component parameters (AddParameter): Name = "Ma_Hang"; Value = "MH007353"; VariantName = "[No Variations]"
Change component parameters (AddParameter): Name = "So_Chan"; Value = "2"; VariantName = "[No Variations]"
Change component parameters (AddParameter): Name = "Ten_Linh_Kien"; Value = "Tr? V?ch 1/4w 5% 100R"; VariantName = "[No Variations]"
Added Component: Designator=JP2(JP 1x5 DT)
Add component. Clean all parameters for all variants
Add component (AddParameter): Name = "Chung_Loai"; Value = "C?m"; VariantName = "[No Variations]"
Add component (AddParameter): Name = "Don_Vi"; Value = "Con"; VariantName = "[No Variations]"
Add component (AddParameter): Name = "Ghi_Chu"; Value = ""; VariantName = "[No Variations]"
Add component (AddParameter): Name = "Kieu_Chan"; Value = ""; VariantName = "[No Variations]"
Add component (AddParameter): Name = "Ma_Hang"; Value = "MH000903"; VariantName = "[No Variations]"
Add component (AddParameter): Name = "Ten_Linh_Kien"; Value = "Jump Ðon Ð?c 2.54MM 1x40P Th?ng 11MM"; VariantName = "[No Variations]"
Added Component: Designator= (LED-3MM-BLUE)
Add component. Clean all parameters for all variants
Add component (AddParameter): Name = "Chung_Loai"; Value = "C?m"; VariantName = "[No Variations]"
Add component (AddParameter): Name = "Don_Vi"; Value = "Con"; VariantName = "[No Variations]"
Add component (AddParameter): Name = "Ghi_Chu"; Value = ""; VariantName = "[No Variations]"
Add component (AddParameter): Name = "Kieu_Chan"; Value = ""; VariantName = "[No Variations]"
Add component (AddParameter): Name = "Ma_Hang"; Value = "MH009003"; VariantName = "[No Variations]"
Add component (AddParameter): Name = "Ten_Linh_Kien"; Value = "LED 3MM Xanh Duong SS (1000c)"; VariantName = "[No Variations]"
Added Component: Designator=U1(MODULE_DEVKIT_V1_ESP32-WROOM-32)
Add component. Clean all parameters for all variants
Add component (AddParameter): Name = "Check_prices"; Value = "https://www.snapeda.com/parts/DEVKIT%20V1%20ESP32-WROOM-32/Espressif+Systems/view-part/?ref=eda"; VariantName = "[No Variations]"
Add component (AddParameter): Name = "MF"; Value = "Espressif Systems"; VariantName = "[No Variations]"
Add component (AddParameter): Name = "MP"; Value = "DEVKIT V1 ESP32-WROOM-32"; VariantName = "[No Variations]"
Add component (AddParameter): Name = "Package"; Value = "Package"; VariantName = "[No Variations]"
Add component (AddParameter): Name = "SnapEDA_Link"; Value = "https://www.snapeda.com/parts/DEVKIT%20V1%20ESP32-WROOM-32/Espressif+Systems/view-part/?ref=snap"; VariantName = "[No Variations]"
Add component (AddParameter): Name = "Value"; Value = ""; VariantName = "[No Variations]"
Added Pin To Net: NetName=3v3 Pin= -1
Added Pin To Net: NetName=3v3 Pin=C3-1
Added Pin To Net: NetName=3v3 Pin=IC1-3
Added Pin To Net: NetName=3v3 Pin=JP1-2
Added Pin To Net: NetName=3v3 Pin=JP3-1
Added Pin To Net: NetName=3v3 Pin=R1-2
Added Pin To Net: NetName=3v3 Pin=R2-2
Added Pin To Net: NetName=3v3 Pin=R5-2
Added Pin To Net: NetName=3v3 Pin=R6-1
Added Pin To Net: NetName=3v3 Pin=U1-1
Added Net: Name=3v3
Added Pin To Net: NetName=5v Pin=C4-1
Added Pin To Net: NetName=5v Pin=IC1-1
Added Pin To Net: NetName=5v Pin=JACK DC1-1
Added Pin To Net: NetName=5v Pin=JP2-1
Added Net: Name=5v
Added Pin To Net: NetName=button1 Pin=C1-1
Added Pin To Net: NetName=button1 Pin=R1-1
Added Pin To Net: NetName=button1 Pin=SW1-2
Added Pin To Net: NetName=button1 Pin=SW1-4
Added Pin To Net: NetName=button1 Pin=U1-15
Added Net: Name=button1
Added Pin To Net: NetName=button2 Pin=C2-1
Added Pin To Net: NetName=button2 Pin=R2-1
Added Pin To Net: NetName=button2 Pin=SW2-2
Added Pin To Net: NetName=button2 Pin=SW2-4
Added Pin To Net: NetName=button2 Pin=U1-12
Added Net: Name=button2
Added Pin To Net: NetName=CS Pin=JP2-4
Added Pin To Net: NetName=CS Pin=U1-28
Added Net: Name=CS
Added Pin To Net: NetName=DHT11 Pin=JP3-2
Added Pin To Net: NetName=DHT11 Pin=U1-26
Added Net: Name=DHT11
Added Pin To Net: NetName=DIN Pin=JP2-3
Added Pin To Net: NetName=DIN Pin=U1-37
Added Net: Name=DIN
Added Pin To Net: NetName=GND Pin=C1-2
Added Pin To Net: NetName=GND Pin=C2-2
Added Pin To Net: NetName=GND Pin=C3-2
Added Pin To Net: NetName=GND Pin=C4-2
Added Pin To Net: NetName=GND Pin=IC1-2
Added Pin To Net: NetName=GND Pin=IC1-2
Added Pin To Net: NetName=GND Pin=JACK DC1-2
Added Pin To Net: NetName=GND Pin=JP1-1
Added Pin To Net: NetName=GND Pin=JP2-2
Added Pin To Net: NetName=GND Pin=JP3-3
Added Pin To Net: NetName=GND Pin=L3-2
Added Pin To Net: NetName=GND Pin=R3-2
Added Pin To Net: NetName=GND Pin=R4-1
Added Pin To Net: NetName=GND Pin=SW1-1
Added Pin To Net: NetName=GND Pin=SW1-3
Added Pin To Net: NetName=GND Pin=SW2-1
Added Pin To Net: NetName=GND Pin=SW2-3
Added Pin To Net: NetName=GND Pin=U1-14
Added Pin To Net: NetName=GND Pin=U1-32
Added Pin To Net: NetName=GND Pin=U1-38
Added Net: Name=GND
Added Pin To Net: NetName=led1 Pin=L1-1
Added Pin To Net: NetName=led1 Pin=U1-24
Added Net: Name=led1
Added Pin To Net: NetName=led2 Pin=L2-1
Added Pin To Net: NetName=led2 Pin=U1-23
Added Net: Name=led2
Added Pin To Net: NetName=Net _2 Pin= -2
Added Pin To Net: NetName=Net _2 Pin=R3-1
Added Net: Name=Net _2
Added Pin To Net: NetName=NetL1_2 Pin=L1-2
Added Pin To Net: NetName=NetL1_2 Pin=R4-2
Added Net: Name=NetL1_2
Added Pin To Net: NetName=NetL2_2 Pin=L2-2
Added Pin To Net: NetName=NetL2_2 Pin=R6-2
Added Net: Name=NetL2_2
Added Pin To Net: NetName=NetL3_1 Pin=L3-1
Added Pin To Net: NetName=NetL3_1 Pin=R5-1
Added Net: Name=NetL3_1
Added Pin To Net: NetName=SCK Pin=JP2-5
Added Pin To Net: NetName=SCK Pin=U1-30
Added Net: Name=SCK
Added Pin To Net: NetName=SCL Pin=JP1-4
Added Pin To Net: NetName=SCL Pin=U1-36
Added Net: Name=SCL
Added Pin To Net: NetName=SDA Pin=JP1-3
Added Pin To Net: NetName=SDA Pin=U1-33
Added Net: Name=SDA
Added Class: Name=Sheet3
Added Room: Name=Sheet3
